<?xml version="1.0" encoding="UTF-8"?>
<robot generator="Robot 3.2.1 (Python 3.8.2 on win32)" generated="20200906 18:01:27.444" rpa="false">
<suite id="s1" name="PrestaShop" source="C:\Users\BreslinS\eclipse-workspace\PrestaShop">
<suite id="s1-s1" name="PrestaTestSuite" source="C:\Users\BreslinS\eclipse-workspace\PrestaShop\PrestaTestSuite">
<suite id="s1-s1-s1" name="Gherkin Tests" source="C:\Users\BreslinS\eclipse-workspace\PrestaShop\PrestaTestSuite\gherkin_tests.robot">
<test id="s1-s1-s1-t1" name="Valid Login">
<kw name="Open Browser To Home Page" library="PrestaResource" type="setup">
<kw name="Open Browser" library="SeleniumLibrary">
<doc>Opens a new browser instance to the optional ``url``.</doc>
<arguments>
<arg>${PRESTA_URL}</arg>
<arg>${BROWSER}</arg>
</arguments>
<msg timestamp="20200906 18:01:27.727" level="INFO">Opening browser 'Firefox' to base url 'http://ec2-18-203-109-135.eu-west-1.compute.amazonaws.com/prestashop/'.</msg>
<msg timestamp="20200906 18:01:27.728" level="INFO">Firefox driver log is always forced to to: C:\Users\BreslinS\eclipse-workspace\PrestaShop\geckodriver-1.log</msg>
<status status="PASS" starttime="20200906 18:01:27.726" endtime="20200906 18:01:35.366"></status>
</kw>
<kw name="Maximize Browser Window" library="SeleniumLibrary">
<doc>Maximizes current browser window.</doc>
<status status="PASS" starttime="20200906 18:01:35.367" endtime="20200906 18:01:35.633"></status>
</kw>
<kw name="Title Should Be" library="SeleniumLibrary">
<doc>Verifies that the current page title equals ``title``.</doc>
<arguments>
<arg>Q-Catalogue</arg>
</arguments>
<msg timestamp="20200906 18:01:35.637" level="INFO">Page title is 'Q-Catalogue'.</msg>
<status status="PASS" starttime="20200906 18:01:35.633" endtime="20200906 18:01:35.638"></status>
</kw>
<status status="PASS" starttime="20200906 18:01:27.726" endtime="20200906 18:01:35.638"></status>
</kw>
<kw name="Given browser is open on login page">
<kw name="Navigate to Sign In Page" library="PrestaResource">
<kw name="Click Element" library="SeleniumLibrary">
<doc>Click the element identified by ``locator``.</doc>
<arguments>
<arg>id=_desktop_user_info</arg>
</arguments>
<msg timestamp="20200906 18:01:35.641" level="INFO">Clicking element 'id=_desktop_user_info'.</msg>
<status status="PASS" starttime="20200906 18:01:35.641" endtime="20200906 18:01:36.390"></status>
</kw>
<kw name="Title Should Be" library="SeleniumLibrary">
<doc>Verifies that the current page title equals ``title``.</doc>
<arguments>
<arg>Login</arg>
</arguments>
<msg timestamp="20200906 18:01:36.393" level="INFO">Page title is 'Login'.</msg>
<status status="PASS" starttime="20200906 18:01:36.391" endtime="20200906 18:01:36.393"></status>
</kw>
<status status="PASS" starttime="20200906 18:01:35.640" endtime="20200906 18:01:36.394"></status>
</kw>
<status status="PASS" starttime="20200906 18:01:35.639" endtime="20200906 18:01:36.394"></status>
</kw>
<kw name="When user ${VALID_EMAIL} logs in with password ${VALID_PASSWORD}">
<kw name="Input Email" library="PrestaResource">
<arguments>
<arg>${VALID_EMAIL}</arg>
</arguments>
<kw name="Input Text" library="SeleniumLibrary">
<doc>Types the given ``text`` into the text field identified by ``locator``.</doc>
<arguments>
<arg>name:email</arg>
<arg>${email}</arg>
</arguments>
<msg timestamp="20200906 18:01:36.398" level="INFO">Typing text 'johndoe@expleogroup.com' into text field 'name:email'.</msg>
<status status="PASS" starttime="20200906 18:01:36.397" endtime="20200906 18:01:36.482"></status>
</kw>
<status status="PASS" starttime="20200906 18:01:36.395" endtime="20200906 18:01:36.482"></status>
</kw>
<kw name="Input User Password" library="PrestaResource">
<arguments>
<arg>${VALID_PASSWORD}</arg>
</arguments>
<kw name="Input Password" library="SeleniumLibrary">
<doc>Types the given password into the text field identified by ``locator``.</doc>
<arguments>
<arg>name:password</arg>
<arg>${password}</arg>
</arguments>
<msg timestamp="20200906 18:01:36.484" level="INFO">Typing password into text field 'name:password'.</msg>
<msg timestamp="20200906 18:01:36.500" level="INFO">Temporally setting log level to: NONE</msg>
<msg timestamp="20200906 18:01:36.517" level="INFO">Log level changed from NONE to INFO.</msg>
<status status="PASS" starttime="20200906 18:01:36.484" endtime="20200906 18:01:36.517"></status>
</kw>
<status status="PASS" starttime="20200906 18:01:36.483" endtime="20200906 18:01:36.517"></status>
</kw>
<kw name="Sign In" library="PrestaResource">
<kw name="Click Button" library="SeleniumLibrary">
<doc>Clicks the button identified by ``locator``.</doc>
<arguments>
<arg>id:submit-login</arg>
</arguments>
<msg timestamp="20200906 18:01:36.518" level="INFO">Clicking button 'id:submit-login'.</msg>
<status status="PASS" starttime="20200906 18:01:36.518" endtime="20200906 18:01:38.002"></status>
</kw>
<status status="PASS" starttime="20200906 18:01:36.517" endtime="20200906 18:01:38.003"></status>
</kw>
<status status="PASS" starttime="20200906 18:01:36.394" endtime="20200906 18:01:38.004"></status>
</kw>
<kw name="Then My Account page should be displayed">
<kw name="My Account Page Should Be Open" library="PrestaResource">
<kw name="Title Should Be" library="SeleniumLibrary">
<doc>Verifies that the current page title equals ``title``.</doc>
<arguments>
<arg>My account</arg>
</arguments>
<msg timestamp="20200906 18:01:38.020" level="INFO">Page title is 'My account'.</msg>
<status status="PASS" starttime="20200906 18:01:38.008" endtime="20200906 18:01:38.020"></status>
</kw>
<status status="PASS" starttime="20200906 18:01:38.007" endtime="20200906 18:01:38.021"></status>
</kw>
<status status="PASS" starttime="20200906 18:01:38.005" endtime="20200906 18:01:38.021"></status>
</kw>
<kw name="Close Browser" library="SeleniumLibrary" type="teardown">
<doc>Closes the current browser.</doc>
<status status="PASS" starttime="20200906 18:01:38.022" endtime="20200906 18:01:38.852"></status>
</kw>
<status status="PASS" starttime="20200906 18:01:27.725" endtime="20200906 18:01:38.852" critical="yes"></status>
</test>
<doc>A test suite with a single Gherkin style test.

This test is functionally identical to the example in
PrestCreateValidAccount.robot file.</doc>
<status status="PASS" starttime="20200906 18:01:27.504" endtime="20200906 18:01:38.853"></status>
</suite>
<suite id="s1-s1-s2" name="PrestaCreateInvalidAccount" source="C:\Users\BreslinS\eclipse-workspace\PrestaShop\PrestaTestSuite\PrestaCreateInvalidAccount.robot">
<kw name="Open Browser To Home Page" library="PrestaResource" type="setup">
<kw name="Open Browser" library="SeleniumLibrary">
<doc>Opens a new browser instance to the optional ``url``.</doc>
<arguments>
<arg>${PRESTA_URL}</arg>
<arg>${BROWSER}</arg>
</arguments>
<msg timestamp="20200906 18:01:38.869" level="INFO">Opening browser 'Firefox' to base url 'http://ec2-18-203-109-135.eu-west-1.compute.amazonaws.com/prestashop/'.</msg>
<msg timestamp="20200906 18:01:38.869" level="INFO">Firefox driver log is always forced to to: C:\Users\BreslinS\eclipse-workspace\PrestaShop\geckodriver-2.log</msg>
<status status="PASS" starttime="20200906 18:01:38.868" endtime="20200906 18:01:46.682"></status>
</kw>
<kw name="Maximize Browser Window" library="SeleniumLibrary">
<doc>Maximizes current browser window.</doc>
<status status="PASS" starttime="20200906 18:01:46.682" endtime="20200906 18:01:46.956"></status>
</kw>
<kw name="Title Should Be" library="SeleniumLibrary">
<doc>Verifies that the current page title equals ``title``.</doc>
<arguments>
<arg>Q-Catalogue</arg>
</arguments>
<msg timestamp="20200906 18:01:46.958" level="INFO">Page title is 'Q-Catalogue'.</msg>
<status status="PASS" starttime="20200906 18:01:46.956" endtime="20200906 18:01:46.958"></status>
</kw>
<status status="PASS" starttime="20200906 18:01:38.868" endtime="20200906 18:01:46.959"></status>
</kw>
<test id="s1-s1-s2-t1" name="No FirstName">
<kw name="Create Account With Invalid Data">
<arguments>
<arg>${EMPTY}</arg>
<arg>Doe</arg>
<arg>doe@expleogroup.com</arg>
<arg>Password1</arg>
<arg>2000-01-01</arg>
</arguments>
<kw name="Navigate to Create Account" library="PrestaResource">
<kw name="Click Element" library="SeleniumLibrary">
<doc>Click the element identified by ``locator``.</doc>
<arguments>
<arg>id=_desktop_user_info</arg>
</arguments>
<msg timestamp="20200906 18:01:46.961" level="INFO">Clicking element 'id=_desktop_user_info'.</msg>
<status status="PASS" starttime="20200906 18:01:46.961" endtime="20200906 18:01:47.431"></status>
</kw>
<kw name="Click Element" library="SeleniumLibrary">
<doc>Click the element identified by ``locator``.</doc>
<arguments>
<arg>xpath://a[normalize-space()='No account? Create one here']</arg>
</arguments>
<msg timestamp="20200906 18:01:47.432" level="INFO">Clicking element 'xpath://a[normalize-space()='No account? Create one here']'.</msg>
<status status="PASS" starttime="20200906 18:01:47.431" endtime="20200906 18:01:47.818"></status>
</kw>
<kw name="Title Should Be" library="SeleniumLibrary">
<doc>Verifies that the current page title equals ``title``.</doc>
<arguments>
<arg>Login</arg>
</arguments>
<msg timestamp="20200906 18:01:47.829" level="INFO">Page title is 'Login'.</msg>
<status status="PASS" starttime="20200906 18:01:47.819" endtime="20200906 18:01:47.830"></status>
</kw>
<status status="PASS" starttime="20200906 18:01:46.960" endtime="20200906 18:01:47.830"></status>
</kw>
<kw name="Input FirstName" library="PrestaResource">
<arguments>
<arg>${first_name}</arg>
</arguments>
<kw name="Input Text" library="SeleniumLibrary">
<doc>Types the given ``text`` into the text field identified by ``locator``.</doc>
<arguments>
<arg>name:firstname</arg>
<arg>${first_name}</arg>
</arguments>
<msg timestamp="20200906 18:01:47.832" level="INFO">Typing text '' into text field 'name:firstname'.</msg>
<status status="PASS" starttime="20200906 18:01:47.832" endtime="20200906 18:01:47.864"></status>
</kw>
<status status="PASS" starttime="20200906 18:01:47.831" endtime="20200906 18:01:47.865"></status>
</kw>
<kw name="Input LastName" library="PrestaResource">
<arguments>
<arg>${last_name}</arg>
</arguments>
<kw name="Input Text" library="SeleniumLibrary">
<doc>Types the given ``text`` into the text field identified by ``locator``.</doc>
<arguments>
<arg>name:lastname</arg>
<arg>${last_name}</arg>
</arguments>
<msg timestamp="20200906 18:01:47.866" level="INFO">Typing text 'Doe' into text field 'name:lastname'.</msg>
<status status="PASS" starttime="20200906 18:01:47.865" endtime="20200906 18:01:47.901"></status>
</kw>
<status status="PASS" starttime="20200906 18:01:47.865" endtime="20200906 18:01:47.901"></status>
</kw>
<kw name="Input Email" library="PrestaResource">
<arguments>
<arg>${email}</arg>
</arguments>
<kw name="Input Text" library="SeleniumLibrary">
<doc>Types the given ``text`` into the text field identified by ``locator``.</doc>
<arguments>
<arg>name:email</arg>
<arg>${email}</arg>
</arguments>
<msg timestamp="20200906 18:01:47.904" level="INFO">Typing text 'doe@expleogroup.com' into text field 'name:email'.</msg>
<status status="PASS" starttime="20200906 18:01:47.903" endtime="20200906 18:01:47.952"></status>
</kw>
<status status="PASS" starttime="20200906 18:01:47.902" endtime="20200906 18:01:47.954"></status>
</kw>
<kw name="Input User Password" library="PrestaResource">
<arguments>
<arg>${password}</arg>
</arguments>
<kw name="Input Password" library="SeleniumLibrary">
<doc>Types the given password into the text field identified by ``locator``.</doc>
<arguments>
<arg>name:password</arg>
<arg>${password}</arg>
</arguments>
<msg timestamp="20200906 18:01:47.958" level="INFO">Typing password into text field 'name:password'.</msg>
<msg timestamp="20200906 18:01:47.969" level="INFO">Temporally setting log level to: NONE</msg>
<msg timestamp="20200906 18:01:47.989" level="INFO">Log level changed from NONE to INFO.</msg>
<status status="PASS" starttime="20200906 18:01:47.957" endtime="20200906 18:01:47.990"></status>
</kw>
<status status="PASS" starttime="20200906 18:01:47.955" endtime="20200906 18:01:47.990"></status>
</kw>
<kw name="Input Birthdate" library="PrestaResource">
<arguments>
<arg>${birth_date}</arg>
</arguments>
<kw name="Input Text" library="SeleniumLibrary">
<doc>Types the given ``text`` into the text field identified by ``locator``.</doc>
<arguments>
<arg>name:birthday</arg>
<arg>${birthdate}</arg>
</arguments>
<msg timestamp="20200906 18:01:47.991" level="INFO">Typing text '2000-01-01' into text field 'name:birthday'.</msg>
<status status="PASS" starttime="20200906 18:01:47.991" endtime="20200906 18:01:48.019"></status>
</kw>
<status status="PASS" starttime="20200906 18:01:47.990" endtime="20200906 18:01:48.021"></status>
</kw>
<kw name="Create Account Failed">
<kw name="Click Button" library="SeleniumLibrary">
<doc>Clicks the button identified by ``locator``.</doc>
<arguments>
<arg>xpath://Button[normalize-space()='Save']</arg>
</arguments>
<msg timestamp="20200906 18:01:48.022" level="INFO">Clicking button 'xpath://Button[normalize-space()='Save']'.</msg>
<status status="PASS" starttime="20200906 18:01:48.022" endtime="20200906 18:01:48.260"></status>
</kw>
<kw name="Title Should Be" library="SeleniumLibrary">
<doc>Verifies that the current page title equals ``title``.</doc>
<arguments>
<arg>Login</arg>
</arguments>
<msg timestamp="20200906 18:01:48.264" level="INFO">Page title is 'Login'.</msg>
<status status="PASS" starttime="20200906 18:01:48.260" endtime="20200906 18:01:48.264"></status>
</kw>
<status status="PASS" starttime="20200906 18:01:48.021" endtime="20200906 18:01:48.265"></status>
</kw>
<status status="PASS" starttime="20200906 18:01:46.959" endtime="20200906 18:01:48.265"></status>
</kw>
<status status="PASS" starttime="20200906 18:01:46.959" endtime="20200906 18:01:48.266" critical="yes"></status>
</test>
<test id="s1-s1-s2-t2" name="No LastName">
<kw name="Create Account With Invalid Data">
<arguments>
<arg>John</arg>
<arg>${EMPTY}</arg>
<arg>john@expleogroup.com</arg>
<arg>Password1</arg>
<arg>2000-01-01</arg>
</arguments>
<kw name="Navigate to Create Account" library="PrestaResource">
<kw name="Click Element" library="SeleniumLibrary">
<doc>Click the element identified by ``locator``.</doc>
<arguments>
<arg>id=_desktop_user_info</arg>
</arguments>
<msg timestamp="20200906 18:01:48.275" level="INFO">Clicking element 'id=_desktop_user_info'.</msg>
<status status="PASS" starttime="20200906 18:01:48.274" endtime="20200906 18:01:48.698"></status>
</kw>
<kw name="Click Element" library="SeleniumLibrary">
<doc>Click the element identified by ``locator``.</doc>
<arguments>
<arg>xpath://a[normalize-space()='No account? Create one here']</arg>
</arguments>
<msg timestamp="20200906 18:01:48.699" level="INFO">Clicking element 'xpath://a[normalize-space()='No account? Create one here']'.</msg>
<status status="PASS" starttime="20200906 18:01:48.699" endtime="20200906 18:01:49.042"></status>
</kw>
<kw name="Title Should Be" library="SeleniumLibrary">
<doc>Verifies that the current page title equals ``title``.</doc>
<arguments>
<arg>Login</arg>
</arguments>
<msg timestamp="20200906 18:01:49.045" level="INFO">Page title is 'Login'.</msg>
<status status="PASS" starttime="20200906 18:01:49.043" endtime="20200906 18:01:49.046"></status>
</kw>
<status status="PASS" starttime="20200906 18:01:48.273" endtime="20200906 18:01:49.046"></status>
</kw>
<kw name="Input FirstName" library="PrestaResource">
<arguments>
<arg>${first_name}</arg>
</arguments>
<kw name="Input Text" library="SeleniumLibrary">
<doc>Types the given ``text`` into the text field identified by ``locator``.</doc>
<arguments>
<arg>name:firstname</arg>
<arg>${first_name}</arg>
</arguments>
<msg timestamp="20200906 18:01:49.048" level="INFO">Typing text 'John' into text field 'name:firstname'.</msg>
<status status="PASS" starttime="20200906 18:01:49.047" endtime="20200906 18:01:49.092"></status>
</kw>
<status status="PASS" starttime="20200906 18:01:49.046" endtime="20200906 18:01:49.093"></status>
</kw>
<kw name="Input LastName" library="PrestaResource">
<arguments>
<arg>${last_name}</arg>
</arguments>
<kw name="Input Text" library="SeleniumLibrary">
<doc>Types the given ``text`` into the text field identified by ``locator``.</doc>
<arguments>
<arg>name:lastname</arg>
<arg>${last_name}</arg>
</arguments>
<msg timestamp="20200906 18:01:49.095" level="INFO">Typing text '' into text field 'name:lastname'.</msg>
<status status="PASS" starttime="20200906 18:01:49.094" endtime="20200906 18:01:49.117"></status>
</kw>
<status status="PASS" starttime="20200906 18:01:49.094" endtime="20200906 18:01:49.118"></status>
</kw>
<kw name="Input Email" library="PrestaResource">
<arguments>
<arg>${email}</arg>
</arguments>
<kw name="Input Text" library="SeleniumLibrary">
<doc>Types the given ``text`` into the text field identified by ``locator``.</doc>
<arguments>
<arg>name:email</arg>
<arg>${email}</arg>
</arguments>
<msg timestamp="20200906 18:01:49.120" level="INFO">Typing text 'john@expleogroup.com' into text field 'name:email'.</msg>
<status status="PASS" starttime="20200906 18:01:49.120" endtime="20200906 18:01:49.166"></status>
</kw>
<status status="PASS" starttime="20200906 18:01:49.119" endtime="20200906 18:01:49.166"></status>
</kw>
<kw name="Input User Password" library="PrestaResource">
<arguments>
<arg>${password}</arg>
</arguments>
<kw name="Input Password" library="SeleniumLibrary">
<doc>Types the given password into the text field identified by ``locator``.</doc>
<arguments>
<arg>name:password</arg>
<arg>${password}</arg>
</arguments>
<msg timestamp="20200906 18:01:49.168" level="INFO">Typing password into text field 'name:password'.</msg>
<msg timestamp="20200906 18:01:49.179" level="INFO">Temporally setting log level to: NONE</msg>
<msg timestamp="20200906 18:01:49.195" level="INFO">Log level changed from NONE to INFO.</msg>
<status status="PASS" starttime="20200906 18:01:49.167" endtime="20200906 18:01:49.196"></status>
</kw>
<status status="PASS" starttime="20200906 18:01:49.166" endtime="20200906 18:01:49.196"></status>
</kw>
<kw name="Input Birthdate" library="PrestaResource">
<arguments>
<arg>${birth_date}</arg>
</arguments>
<kw name="Input Text" library="SeleniumLibrary">
<doc>Types the given ``text`` into the text field identified by ``locator``.</doc>
<arguments>
<arg>name:birthday</arg>
<arg>${birthdate}</arg>
</arguments>
<msg timestamp="20200906 18:01:49.198" level="INFO">Typing text '2000-01-01' into text field 'name:birthday'.</msg>
<status status="PASS" starttime="20200906 18:01:49.198" endtime="20200906 18:01:49.225"></status>
</kw>
<status status="PASS" starttime="20200906 18:01:49.197" endtime="20200906 18:01:49.225"></status>
</kw>
<kw name="Create Account Failed">
<kw name="Click Button" library="SeleniumLibrary">
<doc>Clicks the button identified by ``locator``.</doc>
<arguments>
<arg>xpath://Button[normalize-space()='Save']</arg>
</arguments>
<msg timestamp="20200906 18:01:49.226" level="INFO">Clicking button 'xpath://Button[normalize-space()='Save']'.</msg>
<status status="PASS" starttime="20200906 18:01:49.226" endtime="20200906 18:01:49.454"></status>
</kw>
<kw name="Title Should Be" library="SeleniumLibrary">
<doc>Verifies that the current page title equals ``title``.</doc>
<arguments>
<arg>Login</arg>
</arguments>
<msg timestamp="20200906 18:01:49.462" level="INFO">Page title is 'Login'.</msg>
<status status="PASS" starttime="20200906 18:01:49.455" endtime="20200906 18:01:49.463"></status>
</kw>
<status status="PASS" starttime="20200906 18:01:49.225" endtime="20200906 18:01:49.464"></status>
</kw>
<status status="PASS" starttime="20200906 18:01:48.269" endtime="20200906 18:01:49.465"></status>
</kw>
<status status="PASS" starttime="20200906 18:01:48.267" endtime="20200906 18:01:49.466" critical="yes"></status>
</test>
<test id="s1-s1-s2-t3" name="No Email">
<kw name="Create Account With Invalid Data">
<arguments>
<arg>John</arg>
<arg>Doe</arg>
<arg>${EMPTY}</arg>
<arg>Password1</arg>
<arg>2000-01-01</arg>
</arguments>
<kw name="Navigate to Create Account" library="PrestaResource">
<kw name="Click Element" library="SeleniumLibrary">
<doc>Click the element identified by ``locator``.</doc>
<arguments>
<arg>id=_desktop_user_info</arg>
</arguments>
<msg timestamp="20200906 18:01:49.479" level="INFO">Clicking element 'id=_desktop_user_info'.</msg>
<status status="PASS" starttime="20200906 18:01:49.477" endtime="20200906 18:01:49.885"></status>
</kw>
<kw name="Click Element" library="SeleniumLibrary">
<doc>Click the element identified by ``locator``.</doc>
<arguments>
<arg>xpath://a[normalize-space()='No account? Create one here']</arg>
</arguments>
<msg timestamp="20200906 18:01:49.888" level="INFO">Clicking element 'xpath://a[normalize-space()='No account? Create one here']'.</msg>
<status status="PASS" starttime="20200906 18:01:49.886" endtime="20200906 18:01:50.254"></status>
</kw>
<kw name="Title Should Be" library="SeleniumLibrary">
<doc>Verifies that the current page title equals ``title``.</doc>
<arguments>
<arg>Login</arg>
</arguments>
<msg timestamp="20200906 18:01:50.257" level="INFO">Page title is 'Login'.</msg>
<status status="PASS" starttime="20200906 18:01:50.254" endtime="20200906 18:01:50.257"></status>
</kw>
<status status="PASS" starttime="20200906 18:01:49.475" endtime="20200906 18:01:50.258"></status>
</kw>
<kw name="Input FirstName" library="PrestaResource">
<arguments>
<arg>${first_name}</arg>
</arguments>
<kw name="Input Text" library="SeleniumLibrary">
<doc>Types the given ``text`` into the text field identified by ``locator``.</doc>
<arguments>
<arg>name:firstname</arg>
<arg>${first_name}</arg>
</arguments>
<msg timestamp="20200906 18:01:50.259" level="INFO">Typing text 'John' into text field 'name:firstname'.</msg>
<status status="PASS" starttime="20200906 18:01:50.259" endtime="20200906 18:01:50.303"></status>
</kw>
<status status="PASS" starttime="20200906 18:01:50.258" endtime="20200906 18:01:50.303"></status>
</kw>
<kw name="Input LastName" library="PrestaResource">
<arguments>
<arg>${last_name}</arg>
</arguments>
<kw name="Input Text" library="SeleniumLibrary">
<doc>Types the given ``text`` into the text field identified by ``locator``.</doc>
<arguments>
<arg>name:lastname</arg>
<arg>${last_name}</arg>
</arguments>
<msg timestamp="20200906 18:01:50.307" level="INFO">Typing text 'Doe' into text field 'name:lastname'.</msg>
<status status="PASS" starttime="20200906 18:01:50.307" endtime="20200906 18:01:50.332"></status>
</kw>
<status status="PASS" starttime="20200906 18:01:50.305" endtime="20200906 18:01:50.332"></status>
</kw>
<kw name="Input Email" library="PrestaResource">
<arguments>
<arg>${email}</arg>
</arguments>
<kw name="Input Text" library="SeleniumLibrary">
<doc>Types the given ``text`` into the text field identified by ``locator``.</doc>
<arguments>
<arg>name:email</arg>
<arg>${email}</arg>
</arguments>
<msg timestamp="20200906 18:01:50.333" level="INFO">Typing text '' into text field 'name:email'.</msg>
<status status="PASS" starttime="20200906 18:01:50.333" endtime="20200906 18:01:50.357"></status>
</kw>
<status status="PASS" starttime="20200906 18:01:50.332" endtime="20200906 18:01:50.358"></status>
</kw>
<kw name="Input User Password" library="PrestaResource">
<arguments>
<arg>${password}</arg>
</arguments>
<kw name="Input Password" library="SeleniumLibrary">
<doc>Types the given password into the text field identified by ``locator``.</doc>
<arguments>
<arg>name:password</arg>
<arg>${password}</arg>
</arguments>
<msg timestamp="20200906 18:01:50.359" level="INFO">Typing password into text field 'name:password'.</msg>
<msg timestamp="20200906 18:01:50.373" level="INFO">Temporally setting log level to: NONE</msg>
<msg timestamp="20200906 18:01:50.393" level="INFO">Log level changed from NONE to INFO.</msg>
<status status="PASS" starttime="20200906 18:01:50.358" endtime="20200906 18:01:50.393"></status>
</kw>
<status status="PASS" starttime="20200906 18:01:50.358" endtime="20200906 18:01:50.393"></status>
</kw>
<kw name="Input Birthdate" library="PrestaResource">
<arguments>
<arg>${birth_date}</arg>
</arguments>
<kw name="Input Text" library="SeleniumLibrary">
<doc>Types the given ``text`` into the text field identified by ``locator``.</doc>
<arguments>
<arg>name:birthday</arg>
<arg>${birthdate}</arg>
</arguments>
<msg timestamp="20200906 18:01:50.394" level="INFO">Typing text '2000-01-01' into text field 'name:birthday'.</msg>
<status status="PASS" starttime="20200906 18:01:50.394" endtime="20200906 18:01:50.425"></status>
</kw>
<status status="PASS" starttime="20200906 18:01:50.393" endtime="20200906 18:01:50.425"></status>
</kw>
<kw name="Create Account Failed">
<kw name="Click Button" library="SeleniumLibrary">
<doc>Clicks the button identified by ``locator``.</doc>
<arguments>
<arg>xpath://Button[normalize-space()='Save']</arg>
</arguments>
<msg timestamp="20200906 18:01:50.426" level="INFO">Clicking button 'xpath://Button[normalize-space()='Save']'.</msg>
<status status="PASS" starttime="20200906 18:01:50.426" endtime="20200906 18:01:50.654"></status>
</kw>
<kw name="Title Should Be" library="SeleniumLibrary">
<doc>Verifies that the current page title equals ``title``.</doc>
<arguments>
<arg>Login</arg>
</arguments>
<msg timestamp="20200906 18:01:50.659" level="INFO">Page title is 'Login'.</msg>
<status status="PASS" starttime="20200906 18:01:50.655" endtime="20200906 18:01:50.659"></status>
</kw>
<status status="PASS" starttime="20200906 18:01:50.425" endtime="20200906 18:01:50.660"></status>
</kw>
<status status="PASS" starttime="20200906 18:01:49.472" endtime="20200906 18:01:50.660"></status>
</kw>
<status status="PASS" starttime="20200906 18:01:49.470" endtime="20200906 18:01:50.661" critical="yes"></status>
</test>
<test id="s1-s1-s2-t4" name="No Password">
<kw name="Create Account With Invalid Data">
<arguments>
<arg>John</arg>
<arg>Doe</arg>
<arg>john@expleogroup.com</arg>
<arg>${EMPTY}</arg>
<arg>2000-01-01</arg>
</arguments>
<kw name="Navigate to Create Account" library="PrestaResource">
<kw name="Click Element" library="SeleniumLibrary">
<doc>Click the element identified by ``locator``.</doc>
<arguments>
<arg>id=_desktop_user_info</arg>
</arguments>
<msg timestamp="20200906 18:01:50.666" level="INFO">Clicking element 'id=_desktop_user_info'.</msg>
<status status="PASS" starttime="20200906 18:01:50.665" endtime="20200906 18:01:51.211"></status>
</kw>
<kw name="Click Element" library="SeleniumLibrary">
<doc>Click the element identified by ``locator``.</doc>
<arguments>
<arg>xpath://a[normalize-space()='No account? Create one here']</arg>
</arguments>
<msg timestamp="20200906 18:01:51.212" level="INFO">Clicking element 'xpath://a[normalize-space()='No account? Create one here']'.</msg>
<status status="PASS" starttime="20200906 18:01:51.211" endtime="20200906 18:01:51.549"></status>
</kw>
<kw name="Title Should Be" library="SeleniumLibrary">
<doc>Verifies that the current page title equals ``title``.</doc>
<arguments>
<arg>Login</arg>
</arguments>
<msg timestamp="20200906 18:01:51.558" level="INFO">Page title is 'Login'.</msg>
<status status="PASS" starttime="20200906 18:01:51.549" endtime="20200906 18:01:51.558"></status>
</kw>
<status status="PASS" starttime="20200906 18:01:50.664" endtime="20200906 18:01:51.559"></status>
</kw>
<kw name="Input FirstName" library="PrestaResource">
<arguments>
<arg>${first_name}</arg>
</arguments>
<kw name="Input Text" library="SeleniumLibrary">
<doc>Types the given ``text`` into the text field identified by ``locator``.</doc>
<arguments>
<arg>name:firstname</arg>
<arg>${first_name}</arg>
</arguments>
<msg timestamp="20200906 18:01:51.560" level="INFO">Typing text 'John' into text field 'name:firstname'.</msg>
<status status="PASS" starttime="20200906 18:01:51.559" endtime="20200906 18:01:51.606"></status>
</kw>
<status status="PASS" starttime="20200906 18:01:51.559" endtime="20200906 18:01:51.606"></status>
</kw>
<kw name="Input LastName" library="PrestaResource">
<arguments>
<arg>${last_name}</arg>
</arguments>
<kw name="Input Text" library="SeleniumLibrary">
<doc>Types the given ``text`` into the text field identified by ``locator``.</doc>
<arguments>
<arg>name:lastname</arg>
<arg>${last_name}</arg>
</arguments>
<msg timestamp="20200906 18:01:51.607" level="INFO">Typing text 'Doe' into text field 'name:lastname'.</msg>
<status status="PASS" starttime="20200906 18:01:51.607" endtime="20200906 18:01:51.638"></status>
</kw>
<status status="PASS" starttime="20200906 18:01:51.606" endtime="20200906 18:01:51.638"></status>
</kw>
<kw name="Input Email" library="PrestaResource">
<arguments>
<arg>${email}</arg>
</arguments>
<kw name="Input Text" library="SeleniumLibrary">
<doc>Types the given ``text`` into the text field identified by ``locator``.</doc>
<arguments>
<arg>name:email</arg>
<arg>${email}</arg>
</arguments>
<msg timestamp="20200906 18:01:51.640" level="INFO">Typing text 'john@expleogroup.com' into text field 'name:email'.</msg>
<status status="PASS" starttime="20200906 18:01:51.640" endtime="20200906 18:01:51.682"></status>
</kw>
<status status="PASS" starttime="20200906 18:01:51.639" endtime="20200906 18:01:51.683"></status>
</kw>
<kw name="Input User Password" library="PrestaResource">
<arguments>
<arg>${password}</arg>
</arguments>
<kw name="Input Password" library="SeleniumLibrary">
<doc>Types the given password into the text field identified by ``locator``.</doc>
<arguments>
<arg>name:password</arg>
<arg>${password}</arg>
</arguments>
<msg timestamp="20200906 18:01:51.685" level="INFO">Typing password into text field 'name:password'.</msg>
<msg timestamp="20200906 18:01:51.697" level="INFO">Temporally setting log level to: NONE</msg>
<msg timestamp="20200906 18:01:51.709" level="INFO">Log level changed from NONE to INFO.</msg>
<status status="PASS" starttime="20200906 18:01:51.685" endtime="20200906 18:01:51.709"></status>
</kw>
<status status="PASS" starttime="20200906 18:01:51.683" endtime="20200906 18:01:51.709"></status>
</kw>
<kw name="Input Birthdate" library="PrestaResource">
<arguments>
<arg>${birth_date}</arg>
</arguments>
<kw name="Input Text" library="SeleniumLibrary">
<doc>Types the given ``text`` into the text field identified by ``locator``.</doc>
<arguments>
<arg>name:birthday</arg>
<arg>${birthdate}</arg>
</arguments>
<msg timestamp="20200906 18:01:51.710" level="INFO">Typing text '2000-01-01' into text field 'name:birthday'.</msg>
<status status="PASS" starttime="20200906 18:01:51.710" endtime="20200906 18:01:51.737"></status>
</kw>
<status status="PASS" starttime="20200906 18:01:51.709" endtime="20200906 18:01:51.738"></status>
</kw>
<kw name="Create Account Failed">
<kw name="Click Button" library="SeleniumLibrary">
<doc>Clicks the button identified by ``locator``.</doc>
<arguments>
<arg>xpath://Button[normalize-space()='Save']</arg>
</arguments>
<msg timestamp="20200906 18:01:51.738" level="INFO">Clicking button 'xpath://Button[normalize-space()='Save']'.</msg>
<status status="PASS" starttime="20200906 18:01:51.738" endtime="20200906 18:01:51.973"></status>
</kw>
<kw name="Title Should Be" library="SeleniumLibrary">
<doc>Verifies that the current page title equals ``title``.</doc>
<arguments>
<arg>Login</arg>
</arguments>
<msg timestamp="20200906 18:01:51.975" level="INFO">Page title is 'Login'.</msg>
<status status="PASS" starttime="20200906 18:01:51.973" endtime="20200906 18:01:51.976"></status>
</kw>
<status status="PASS" starttime="20200906 18:01:51.738" endtime="20200906 18:01:51.976"></status>
</kw>
<status status="PASS" starttime="20200906 18:01:50.663" endtime="20200906 18:01:51.976"></status>
</kw>
<status status="PASS" starttime="20200906 18:01:50.662" endtime="20200906 18:01:51.976" critical="yes"></status>
</test>
<test id="s1-s1-s2-t5" name="No BirthDate">
<kw name="Create Account With Invalid Data">
<arguments>
<arg>John</arg>
<arg>Doe</arg>
<arg>john@expleogroup.com</arg>
<arg>Password1</arg>
<arg>01-01-2000</arg>
</arguments>
<kw name="Navigate to Create Account" library="PrestaResource">
<kw name="Click Element" library="SeleniumLibrary">
<doc>Click the element identified by ``locator``.</doc>
<arguments>
<arg>id=_desktop_user_info</arg>
</arguments>
<msg timestamp="20200906 18:01:51.979" level="INFO">Clicking element 'id=_desktop_user_info'.</msg>
<status status="PASS" starttime="20200906 18:01:51.979" endtime="20200906 18:01:52.398"></status>
</kw>
<kw name="Click Element" library="SeleniumLibrary">
<doc>Click the element identified by ``locator``.</doc>
<arguments>
<arg>xpath://a[normalize-space()='No account? Create one here']</arg>
</arguments>
<msg timestamp="20200906 18:01:52.402" level="INFO">Clicking element 'xpath://a[normalize-space()='No account? Create one here']'.</msg>
<status status="PASS" starttime="20200906 18:01:52.401" endtime="20200906 18:01:52.726"></status>
</kw>
<kw name="Title Should Be" library="SeleniumLibrary">
<doc>Verifies that the current page title equals ``title``.</doc>
<arguments>
<arg>Login</arg>
</arguments>
<msg timestamp="20200906 18:01:52.729" level="INFO">Page title is 'Login'.</msg>
<status status="PASS" starttime="20200906 18:01:52.726" endtime="20200906 18:01:52.729"></status>
</kw>
<status status="PASS" starttime="20200906 18:01:51.978" endtime="20200906 18:01:52.729"></status>
</kw>
<kw name="Input FirstName" library="PrestaResource">
<arguments>
<arg>${first_name}</arg>
</arguments>
<kw name="Input Text" library="SeleniumLibrary">
<doc>Types the given ``text`` into the text field identified by ``locator``.</doc>
<arguments>
<arg>name:firstname</arg>
<arg>${first_name}</arg>
</arguments>
<msg timestamp="20200906 18:01:52.730" level="INFO">Typing text 'John' into text field 'name:firstname'.</msg>
<status status="PASS" starttime="20200906 18:01:52.730" endtime="20200906 18:01:52.788"></status>
</kw>
<status status="PASS" starttime="20200906 18:01:52.729" endtime="20200906 18:01:52.789"></status>
</kw>
<kw name="Input LastName" library="PrestaResource">
<arguments>
<arg>${last_name}</arg>
</arguments>
<kw name="Input Text" library="SeleniumLibrary">
<doc>Types the given ``text`` into the text field identified by ``locator``.</doc>
<arguments>
<arg>name:lastname</arg>
<arg>${last_name}</arg>
</arguments>
<msg timestamp="20200906 18:01:52.791" level="INFO">Typing text 'Doe' into text field 'name:lastname'.</msg>
<status status="PASS" starttime="20200906 18:01:52.790" endtime="20200906 18:01:52.819"></status>
</kw>
<status status="PASS" starttime="20200906 18:01:52.790" endtime="20200906 18:01:52.820"></status>
</kw>
<kw name="Input Email" library="PrestaResource">
<arguments>
<arg>${email}</arg>
</arguments>
<kw name="Input Text" library="SeleniumLibrary">
<doc>Types the given ``text`` into the text field identified by ``locator``.</doc>
<arguments>
<arg>name:email</arg>
<arg>${email}</arg>
</arguments>
<msg timestamp="20200906 18:01:52.821" level="INFO">Typing text 'john@expleogroup.com' into text field 'name:email'.</msg>
<status status="PASS" starttime="20200906 18:01:52.820" endtime="20200906 18:01:52.862"></status>
</kw>
<status status="PASS" starttime="20200906 18:01:52.820" endtime="20200906 18:01:52.863"></status>
</kw>
<kw name="Input User Password" library="PrestaResource">
<arguments>
<arg>${password}</arg>
</arguments>
<kw name="Input Password" library="SeleniumLibrary">
<doc>Types the given password into the text field identified by ``locator``.</doc>
<arguments>
<arg>name:password</arg>
<arg>${password}</arg>
</arguments>
<msg timestamp="20200906 18:01:52.864" level="INFO">Typing password into text field 'name:password'.</msg>
<msg timestamp="20200906 18:01:52.875" level="INFO">Temporally setting log level to: NONE</msg>
<msg timestamp="20200906 18:01:52.893" level="INFO">Log level changed from NONE to INFO.</msg>
<status status="PASS" starttime="20200906 18:01:52.864" endtime="20200906 18:01:52.893"></status>
</kw>
<status status="PASS" starttime="20200906 18:01:52.863" endtime="20200906 18:01:52.894"></status>
</kw>
<kw name="Input Birthdate" library="PrestaResource">
<arguments>
<arg>${birth_date}</arg>
</arguments>
<kw name="Input Text" library="SeleniumLibrary">
<doc>Types the given ``text`` into the text field identified by ``locator``.</doc>
<arguments>
<arg>name:birthday</arg>
<arg>${birthdate}</arg>
</arguments>
<msg timestamp="20200906 18:01:52.895" level="INFO">Typing text '01-01-2000' into text field 'name:birthday'.</msg>
<status status="PASS" starttime="20200906 18:01:52.894" endtime="20200906 18:01:52.929"></status>
</kw>
<status status="PASS" starttime="20200906 18:01:52.894" endtime="20200906 18:01:52.929"></status>
</kw>
<kw name="Create Account Failed">
<kw name="Click Button" library="SeleniumLibrary">
<doc>Clicks the button identified by ``locator``.</doc>
<arguments>
<arg>xpath://Button[normalize-space()='Save']</arg>
</arguments>
<msg timestamp="20200906 18:01:52.930" level="INFO">Clicking button 'xpath://Button[normalize-space()='Save']'.</msg>
<status status="PASS" starttime="20200906 18:01:52.930" endtime="20200906 18:01:53.261"></status>
</kw>
<kw name="Title Should Be" library="SeleniumLibrary">
<doc>Verifies that the current page title equals ``title``.</doc>
<arguments>
<arg>Login</arg>
</arguments>
<msg timestamp="20200906 18:01:53.276" level="INFO">Page title is 'Login'.</msg>
<status status="PASS" starttime="20200906 18:01:53.262" endtime="20200906 18:01:53.276"></status>
</kw>
<status status="PASS" starttime="20200906 18:01:52.929" endtime="20200906 18:01:53.277"></status>
</kw>
<status status="PASS" starttime="20200906 18:01:51.978" endtime="20200906 18:01:53.277"></status>
</kw>
<status status="PASS" starttime="20200906 18:01:51.977" endtime="20200906 18:01:53.277" critical="yes"></status>
</test>
<kw name="Close Browser" library="SeleniumLibrary" type="teardown">
<doc>Closes the current browser.</doc>
<status status="PASS" starttime="20200906 18:01:53.279" endtime="20200906 18:01:53.961"></status>
</kw>
<status status="PASS" starttime="20200906 18:01:38.855" endtime="20200906 18:01:53.961"></status>
</suite>
<suite id="s1-s1-s3" name="PrestaCreateInvalidAccount DDT" source="C:\Users\BreslinS\eclipse-workspace\PrestaShop\PrestaTestSuite\PrestaCreateInvalidAccount_DDT.robot">
<kw name="Open Browser To Home Page" library="PrestaResource" type="setup">
<kw name="Open Browser" library="SeleniumLibrary">
<doc>Opens a new browser instance to the optional ``url``.</doc>
<arguments>
<arg>${PRESTA_URL}</arg>
<arg>${BROWSER}</arg>
</arguments>
<msg timestamp="20200906 18:01:55.983" level="INFO">Opening browser 'Firefox' to base url 'http://ec2-18-203-109-135.eu-west-1.compute.amazonaws.com/prestashop/'.</msg>
<msg timestamp="20200906 18:01:55.984" level="INFO">Firefox driver log is always forced to to: C:\Users\BreslinS\eclipse-workspace\PrestaShop\geckodriver-3.log</msg>
<status status="PASS" starttime="20200906 18:01:55.982" endtime="20200906 18:02:02.436"></status>
</kw>
<kw name="Maximize Browser Window" library="SeleniumLibrary">
<doc>Maximizes current browser window.</doc>
<status status="PASS" starttime="20200906 18:02:02.437" endtime="20200906 18:02:02.692"></status>
</kw>
<kw name="Title Should Be" library="SeleniumLibrary">
<doc>Verifies that the current page title equals ``title``.</doc>
<arguments>
<arg>Q-Catalogue</arg>
</arguments>
<msg timestamp="20200906 18:02:02.695" level="INFO">Page title is 'Q-Catalogue'.</msg>
<status status="PASS" starttime="20200906 18:02:02.693" endtime="20200906 18:02:02.695"></status>
</kw>
<status status="PASS" starttime="20200906 18:01:55.982" endtime="20200906 18:02:02.696"></status>
</kw>
<test id="s1-s1-s3-t1" name="CreateInvalidAccountWithExcel using">
<kw name="Create Account With Invalid Data">
<arguments>
<arg>Doe</arg>
<arg>john@expleogroup.com</arg>
<arg>Password1</arg>
<arg>2000-01-01 00:00:00</arg>
</arguments>
<kw name="Navigate to Create Account" library="PrestaResource">
<kw name="Click Element" library="SeleniumLibrary">
<doc>Click the element identified by ``locator``.</doc>
<arguments>
<arg>id=_desktop_user_info</arg>
</arguments>
<msg timestamp="20200906 18:02:02.698" level="INFO">Clicking element 'id=_desktop_user_info'.</msg>
<status status="PASS" starttime="20200906 18:02:02.698" endtime="20200906 18:02:03.216"></status>
</kw>
<kw name="Click Element" library="SeleniumLibrary">
<doc>Click the element identified by ``locator``.</doc>
<arguments>
<arg>xpath://a[normalize-space()='No account? Create one here']</arg>
</arguments>
<msg timestamp="20200906 18:02:03.217" level="INFO">Clicking element 'xpath://a[normalize-space()='No account? Create one here']'.</msg>
<status status="PASS" starttime="20200906 18:02:03.217" endtime="20200906 18:02:03.595"></status>
</kw>
<kw name="Title Should Be" library="SeleniumLibrary">
<doc>Verifies that the current page title equals ``title``.</doc>
<arguments>
<arg>Login</arg>
</arguments>
<msg timestamp="20200906 18:02:03.601" level="INFO">Page title is 'Login'.</msg>
<status status="PASS" starttime="20200906 18:02:03.596" endtime="20200906 18:02:03.602"></status>
</kw>
<status status="PASS" starttime="20200906 18:02:02.697" endtime="20200906 18:02:03.602"></status>
</kw>
<kw name="Input FirstName" library="PrestaResource">
<arguments>
<arg>${first_name}</arg>
</arguments>
<kw name="Input Text" library="SeleniumLibrary">
<doc>Types the given ``text`` into the text field identified by ``locator``.</doc>
<arguments>
<arg>name:firstname</arg>
<arg>${first_name}</arg>
</arguments>
<msg timestamp="20200906 18:02:03.605" level="INFO">Typing text '' into text field 'name:firstname'.</msg>
<status status="PASS" starttime="20200906 18:02:03.604" endtime="20200906 18:02:03.654"></status>
</kw>
<status status="PASS" starttime="20200906 18:02:03.603" endtime="20200906 18:02:03.655"></status>
</kw>
<kw name="Input LastName" library="PrestaResource">
<arguments>
<arg>${last_name}</arg>
</arguments>
<kw name="Input Text" library="SeleniumLibrary">
<doc>Types the given ``text`` into the text field identified by ``locator``.</doc>
<arguments>
<arg>name:lastname</arg>
<arg>${last_name}</arg>
</arguments>
<msg timestamp="20200906 18:02:03.660" level="INFO">Typing text 'Doe' into text field 'name:lastname'.</msg>
<status status="PASS" starttime="20200906 18:02:03.658" endtime="20200906 18:02:03.705"></status>
</kw>
<status status="PASS" starttime="20200906 18:02:03.655" endtime="20200906 18:02:03.706"></status>
</kw>
<kw name="Input Email" library="PrestaResource">
<arguments>
<arg>${email}</arg>
</arguments>
<kw name="Input Text" library="SeleniumLibrary">
<doc>Types the given ``text`` into the text field identified by ``locator``.</doc>
<arguments>
<arg>name:email</arg>
<arg>${email}</arg>
</arguments>
<msg timestamp="20200906 18:02:03.711" level="INFO">Typing text 'john@expleogroup.com' into text field 'name:email'.</msg>
<status status="PASS" starttime="20200906 18:02:03.710" endtime="20200906 18:02:03.779"></status>
</kw>
<status status="PASS" starttime="20200906 18:02:03.707" endtime="20200906 18:02:03.780"></status>
</kw>
<kw name="Input User Password" library="PrestaResource">
<arguments>
<arg>${password}</arg>
</arguments>
<kw name="Input Password" library="SeleniumLibrary">
<doc>Types the given password into the text field identified by ``locator``.</doc>
<arguments>
<arg>name:password</arg>
<arg>${password}</arg>
</arguments>
<msg timestamp="20200906 18:02:03.781" level="INFO">Typing password into text field 'name:password'.</msg>
<msg timestamp="20200906 18:02:03.795" level="INFO">Temporally setting log level to: NONE</msg>
<msg timestamp="20200906 18:02:03.811" level="INFO">Log level changed from NONE to INFO.</msg>
<status status="PASS" starttime="20200906 18:02:03.781" endtime="20200906 18:02:03.811"></status>
</kw>
<status status="PASS" starttime="20200906 18:02:03.780" endtime="20200906 18:02:03.811"></status>
</kw>
<kw name="Input Birthdate" library="PrestaResource">
<arguments>
<arg>${birth_date}</arg>
</arguments>
<kw name="Input Text" library="SeleniumLibrary">
<doc>Types the given ``text`` into the text field identified by ``locator``.</doc>
<arguments>
<arg>name:birthday</arg>
<arg>${birthdate}</arg>
</arguments>
<msg timestamp="20200906 18:02:03.812" level="INFO">Typing text '2000-01-01 00:00:00' into text field 'name:birthday'.</msg>
<status status="PASS" starttime="20200906 18:02:03.812" endtime="20200906 18:02:03.844"></status>
</kw>
<status status="PASS" starttime="20200906 18:02:03.812" endtime="20200906 18:02:03.844"></status>
</kw>
<kw name="Create Account Failed">
<kw name="Click Button" library="SeleniumLibrary">
<doc>Clicks the button identified by ``locator``.</doc>
<arguments>
<arg>xpath://Button[normalize-space()='Save']</arg>
</arguments>
<msg timestamp="20200906 18:02:03.845" level="INFO">Clicking button 'xpath://Button[normalize-space()='Save']'.</msg>
<status status="PASS" starttime="20200906 18:02:03.844" endtime="20200906 18:02:04.080"></status>
</kw>
<kw name="Title Should Be" library="SeleniumLibrary">
<doc>Verifies that the current page title equals ``title``.</doc>
<arguments>
<arg>Login</arg>
</arguments>
<msg timestamp="20200906 18:02:04.088" level="INFO">Page title is 'Login'.</msg>
<status status="PASS" starttime="20200906 18:02:04.081" endtime="20200906 18:02:04.089"></status>
</kw>
<status status="PASS" starttime="20200906 18:02:03.844" endtime="20200906 18:02:04.091"></status>
</kw>
<status status="PASS" starttime="20200906 18:02:02.697" endtime="20200906 18:02:04.092"></status>
</kw>
<status status="PASS" starttime="20200906 18:02:02.696" endtime="20200906 18:02:04.093" critical="yes"></status>
</test>
<test id="s1-s1-s3-t2" name="CreateInvalidAccountWithExcel using">
<kw name="Create Account With Invalid Data">
<arguments>
<arg>John</arg>
<arg>john@expleogroup.com</arg>
<arg>Password1</arg>
<arg>2000-01-01 00:00:00</arg>
</arguments>
<kw name="Navigate to Create Account" library="PrestaResource">
<kw name="Click Element" library="SeleniumLibrary">
<doc>Click the element identified by ``locator``.</doc>
<arguments>
<arg>id=_desktop_user_info</arg>
</arguments>
<msg timestamp="20200906 18:02:04.108" level="INFO">Clicking element 'id=_desktop_user_info'.</msg>
<status status="PASS" starttime="20200906 18:02:04.105" endtime="20200906 18:02:04.562"></status>
</kw>
<kw name="Click Element" library="SeleniumLibrary">
<doc>Click the element identified by ``locator``.</doc>
<arguments>
<arg>xpath://a[normalize-space()='No account? Create one here']</arg>
</arguments>
<msg timestamp="20200906 18:02:04.564" level="INFO">Clicking element 'xpath://a[normalize-space()='No account? Create one here']'.</msg>
<status status="PASS" starttime="20200906 18:02:04.563" endtime="20200906 18:02:04.919"></status>
</kw>
<kw name="Title Should Be" library="SeleniumLibrary">
<doc>Verifies that the current page title equals ``title``.</doc>
<arguments>
<arg>Login</arg>
</arguments>
<msg timestamp="20200906 18:02:04.929" level="INFO">Page title is 'Login'.</msg>
<status status="PASS" starttime="20200906 18:02:04.920" endtime="20200906 18:02:04.930"></status>
</kw>
<status status="PASS" starttime="20200906 18:02:04.103" endtime="20200906 18:02:04.930"></status>
</kw>
<kw name="Input FirstName" library="PrestaResource">
<arguments>
<arg>${first_name}</arg>
</arguments>
<kw name="Input Text" library="SeleniumLibrary">
<doc>Types the given ``text`` into the text field identified by ``locator``.</doc>
<arguments>
<arg>name:firstname</arg>
<arg>${first_name}</arg>
</arguments>
<msg timestamp="20200906 18:02:04.931" level="INFO">Typing text 'John' into text field 'name:firstname'.</msg>
<status status="PASS" starttime="20200906 18:02:04.931" endtime="20200906 18:02:04.976"></status>
</kw>
<status status="PASS" starttime="20200906 18:02:04.930" endtime="20200906 18:02:04.978"></status>
</kw>
<kw name="Input LastName" library="PrestaResource">
<arguments>
<arg>${last_name}</arg>
</arguments>
<kw name="Input Text" library="SeleniumLibrary">
<doc>Types the given ``text`` into the text field identified by ``locator``.</doc>
<arguments>
<arg>name:lastname</arg>
<arg>${last_name}</arg>
</arguments>
<msg timestamp="20200906 18:02:04.980" level="INFO">Typing text '' into text field 'name:lastname'.</msg>
<status status="PASS" starttime="20200906 18:02:04.979" endtime="20200906 18:02:05.003"></status>
</kw>
<status status="PASS" starttime="20200906 18:02:04.978" endtime="20200906 18:02:05.004"></status>
</kw>
<kw name="Input Email" library="PrestaResource">
<arguments>
<arg>${email}</arg>
</arguments>
<kw name="Input Text" library="SeleniumLibrary">
<doc>Types the given ``text`` into the text field identified by ``locator``.</doc>
<arguments>
<arg>name:email</arg>
<arg>${email}</arg>
</arguments>
<msg timestamp="20200906 18:02:05.005" level="INFO">Typing text 'john@expleogroup.com' into text field 'name:email'.</msg>
<status status="PASS" starttime="20200906 18:02:05.004" endtime="20200906 18:02:05.053"></status>
</kw>
<status status="PASS" starttime="20200906 18:02:05.004" endtime="20200906 18:02:05.054"></status>
</kw>
<kw name="Input User Password" library="PrestaResource">
<arguments>
<arg>${password}</arg>
</arguments>
<kw name="Input Password" library="SeleniumLibrary">
<doc>Types the given password into the text field identified by ``locator``.</doc>
<arguments>
<arg>name:password</arg>
<arg>${password}</arg>
</arguments>
<msg timestamp="20200906 18:02:05.056" level="INFO">Typing password into text field 'name:password'.</msg>
<msg timestamp="20200906 18:02:05.066" level="INFO">Temporally setting log level to: NONE</msg>
<msg timestamp="20200906 18:02:05.083" level="INFO">Log level changed from NONE to INFO.</msg>
<status status="PASS" starttime="20200906 18:02:05.055" endtime="20200906 18:02:05.083"></status>
</kw>
<status status="PASS" starttime="20200906 18:02:05.054" endtime="20200906 18:02:05.083"></status>
</kw>
<kw name="Input Birthdate" library="PrestaResource">
<arguments>
<arg>${birth_date}</arg>
</arguments>
<kw name="Input Text" library="SeleniumLibrary">
<doc>Types the given ``text`` into the text field identified by ``locator``.</doc>
<arguments>
<arg>name:birthday</arg>
<arg>${birthdate}</arg>
</arguments>
<msg timestamp="20200906 18:02:05.084" level="INFO">Typing text '2000-01-01 00:00:00' into text field 'name:birthday'.</msg>
<status status="PASS" starttime="20200906 18:02:05.084" endtime="20200906 18:02:05.117"></status>
</kw>
<status status="PASS" starttime="20200906 18:02:05.084" endtime="20200906 18:02:05.117"></status>
</kw>
<kw name="Create Account Failed">
<kw name="Click Button" library="SeleniumLibrary">
<doc>Clicks the button identified by ``locator``.</doc>
<arguments>
<arg>xpath://Button[normalize-space()='Save']</arg>
</arguments>
<msg timestamp="20200906 18:02:05.118" level="INFO">Clicking button 'xpath://Button[normalize-space()='Save']'.</msg>
<status status="PASS" starttime="20200906 18:02:05.118" endtime="20200906 18:02:05.344"></status>
</kw>
<kw name="Title Should Be" library="SeleniumLibrary">
<doc>Verifies that the current page title equals ``title``.</doc>
<arguments>
<arg>Login</arg>
</arguments>
<msg timestamp="20200906 18:02:05.346" level="INFO">Page title is 'Login'.</msg>
<status status="PASS" starttime="20200906 18:02:05.344" endtime="20200906 18:02:05.347"></status>
</kw>
<status status="PASS" starttime="20200906 18:02:05.117" endtime="20200906 18:02:05.347"></status>
</kw>
<status status="PASS" starttime="20200906 18:02:04.101" endtime="20200906 18:02:05.347"></status>
</kw>
<status status="PASS" starttime="20200906 18:02:04.097" endtime="20200906 18:02:05.348" critical="yes"></status>
</test>
<test id="s1-s1-s3-t3" name="CreateInvalidAccountWithExcel using">
<kw name="Create Account With Invalid Data">
<arguments>
<arg>John</arg>
<arg>Doe</arg>
<arg>Password1</arg>
<arg>2000-01-01 00:00:00</arg>
</arguments>
<kw name="Navigate to Create Account" library="PrestaResource">
<kw name="Click Element" library="SeleniumLibrary">
<doc>Click the element identified by ``locator``.</doc>
<arguments>
<arg>id=_desktop_user_info</arg>
</arguments>
<msg timestamp="20200906 18:02:05.351" level="INFO">Clicking element 'id=_desktop_user_info'.</msg>
<status status="PASS" starttime="20200906 18:02:05.350" endtime="20200906 18:02:05.780"></status>
</kw>
<kw name="Click Element" library="SeleniumLibrary">
<doc>Click the element identified by ``locator``.</doc>
<arguments>
<arg>xpath://a[normalize-space()='No account? Create one here']</arg>
</arguments>
<msg timestamp="20200906 18:02:05.781" level="INFO">Clicking element 'xpath://a[normalize-space()='No account? Create one here']'.</msg>
<status status="PASS" starttime="20200906 18:02:05.781" endtime="20200906 18:02:06.152"></status>
</kw>
<kw name="Title Should Be" library="SeleniumLibrary">
<doc>Verifies that the current page title equals ``title``.</doc>
<arguments>
<arg>Login</arg>
</arguments>
<msg timestamp="20200906 18:02:06.160" level="INFO">Page title is 'Login'.</msg>
<status status="PASS" starttime="20200906 18:02:06.152" endtime="20200906 18:02:06.161"></status>
</kw>
<status status="PASS" starttime="20200906 18:02:05.350" endtime="20200906 18:02:06.161"></status>
</kw>
<kw name="Input FirstName" library="PrestaResource">
<arguments>
<arg>${first_name}</arg>
</arguments>
<kw name="Input Text" library="SeleniumLibrary">
<doc>Types the given ``text`` into the text field identified by ``locator``.</doc>
<arguments>
<arg>name:firstname</arg>
<arg>${first_name}</arg>
</arguments>
<msg timestamp="20200906 18:02:06.162" level="INFO">Typing text 'John' into text field 'name:firstname'.</msg>
<status status="PASS" starttime="20200906 18:02:06.162" endtime="20200906 18:02:06.202"></status>
</kw>
<status status="PASS" starttime="20200906 18:02:06.161" endtime="20200906 18:02:06.204"></status>
</kw>
<kw name="Input LastName" library="PrestaResource">
<arguments>
<arg>${last_name}</arg>
</arguments>
<kw name="Input Text" library="SeleniumLibrary">
<doc>Types the given ``text`` into the text field identified by ``locator``.</doc>
<arguments>
<arg>name:lastname</arg>
<arg>${last_name}</arg>
</arguments>
<msg timestamp="20200906 18:02:06.207" level="INFO">Typing text 'Doe' into text field 'name:lastname'.</msg>
<status status="PASS" starttime="20200906 18:02:06.206" endtime="20200906 18:02:06.231"></status>
</kw>
<status status="PASS" starttime="20200906 18:02:06.205" endtime="20200906 18:02:06.231"></status>
</kw>
<kw name="Input Email" library="PrestaResource">
<arguments>
<arg>${email}</arg>
</arguments>
<kw name="Input Text" library="SeleniumLibrary">
<doc>Types the given ``text`` into the text field identified by ``locator``.</doc>
<arguments>
<arg>name:email</arg>
<arg>${email}</arg>
</arguments>
<msg timestamp="20200906 18:02:06.232" level="INFO">Typing text '' into text field 'name:email'.</msg>
<status status="PASS" starttime="20200906 18:02:06.232" endtime="20200906 18:02:06.252"></status>
</kw>
<status status="PASS" starttime="20200906 18:02:06.232" endtime="20200906 18:02:06.252"></status>
</kw>
<kw name="Input User Password" library="PrestaResource">
<arguments>
<arg>${password}</arg>
</arguments>
<kw name="Input Password" library="SeleniumLibrary">
<doc>Types the given password into the text field identified by ``locator``.</doc>
<arguments>
<arg>name:password</arg>
<arg>${password}</arg>
</arguments>
<msg timestamp="20200906 18:02:06.254" level="INFO">Typing password into text field 'name:password'.</msg>
<msg timestamp="20200906 18:02:06.272" level="INFO">Temporally setting log level to: NONE</msg>
<msg timestamp="20200906 18:02:06.297" level="INFO">Log level changed from NONE to INFO.</msg>
<status status="PASS" starttime="20200906 18:02:06.253" endtime="20200906 18:02:06.298"></status>
</kw>
<status status="PASS" starttime="20200906 18:02:06.253" endtime="20200906 18:02:06.298"></status>
</kw>
<kw name="Input Birthdate" library="PrestaResource">
<arguments>
<arg>${birth_date}</arg>
</arguments>
<kw name="Input Text" library="SeleniumLibrary">
<doc>Types the given ``text`` into the text field identified by ``locator``.</doc>
<arguments>
<arg>name:birthday</arg>
<arg>${birthdate}</arg>
</arguments>
<msg timestamp="20200906 18:02:06.300" level="INFO">Typing text '2000-01-01 00:00:00' into text field 'name:birthday'.</msg>
<status status="PASS" starttime="20200906 18:02:06.299" endtime="20200906 18:02:06.343"></status>
</kw>
<status status="PASS" starttime="20200906 18:02:06.298" endtime="20200906 18:02:06.343"></status>
</kw>
<kw name="Create Account Failed">
<kw name="Click Button" library="SeleniumLibrary">
<doc>Clicks the button identified by ``locator``.</doc>
<arguments>
<arg>xpath://Button[normalize-space()='Save']</arg>
</arguments>
<msg timestamp="20200906 18:02:06.344" level="INFO">Clicking button 'xpath://Button[normalize-space()='Save']'.</msg>
<status status="PASS" starttime="20200906 18:02:06.344" endtime="20200906 18:02:06.576"></status>
</kw>
<kw name="Title Should Be" library="SeleniumLibrary">
<doc>Verifies that the current page title equals ``title``.</doc>
<arguments>
<arg>Login</arg>
</arguments>
<msg timestamp="20200906 18:02:06.581" level="INFO">Page title is 'Login'.</msg>
<status status="PASS" starttime="20200906 18:02:06.577" endtime="20200906 18:02:06.581"></status>
</kw>
<status status="PASS" starttime="20200906 18:02:06.344" endtime="20200906 18:02:06.582"></status>
</kw>
<status status="PASS" starttime="20200906 18:02:05.349" endtime="20200906 18:02:06.582"></status>
</kw>
<status status="PASS" starttime="20200906 18:02:05.349" endtime="20200906 18:02:06.583" critical="yes"></status>
</test>
<test id="s1-s1-s3-t4" name="CreateInvalidAccountWithExcel using">
<kw name="Create Account With Invalid Data">
<arguments>
<arg>John</arg>
<arg>Doe</arg>
<arg>john@expleogroup.com</arg>
<arg>2000-01-01 00:00:00</arg>
</arguments>
<kw name="Navigate to Create Account" library="PrestaResource">
<kw name="Click Element" library="SeleniumLibrary">
<doc>Click the element identified by ``locator``.</doc>
<arguments>
<arg>id=_desktop_user_info</arg>
</arguments>
<msg timestamp="20200906 18:02:06.589" level="INFO">Clicking element 'id=_desktop_user_info'.</msg>
<status status="PASS" starttime="20200906 18:02:06.589" endtime="20200906 18:02:07.034"></status>
</kw>
<kw name="Click Element" library="SeleniumLibrary">
<doc>Click the element identified by ``locator``.</doc>
<arguments>
<arg>xpath://a[normalize-space()='No account? Create one here']</arg>
</arguments>
<msg timestamp="20200906 18:02:07.035" level="INFO">Clicking element 'xpath://a[normalize-space()='No account? Create one here']'.</msg>
<status status="PASS" starttime="20200906 18:02:07.035" endtime="20200906 18:02:07.408"></status>
</kw>
<kw name="Title Should Be" library="SeleniumLibrary">
<doc>Verifies that the current page title equals ``title``.</doc>
<arguments>
<arg>Login</arg>
</arguments>
<msg timestamp="20200906 18:02:07.412" level="INFO">Page title is 'Login'.</msg>
<status status="PASS" starttime="20200906 18:02:07.408" endtime="20200906 18:02:07.412"></status>
</kw>
<status status="PASS" starttime="20200906 18:02:06.587" endtime="20200906 18:02:07.413"></status>
</kw>
<kw name="Input FirstName" library="PrestaResource">
<arguments>
<arg>${first_name}</arg>
</arguments>
<kw name="Input Text" library="SeleniumLibrary">
<doc>Types the given ``text`` into the text field identified by ``locator``.</doc>
<arguments>
<arg>name:firstname</arg>
<arg>${first_name}</arg>
</arguments>
<msg timestamp="20200906 18:02:07.414" level="INFO">Typing text 'John' into text field 'name:firstname'.</msg>
<status status="PASS" starttime="20200906 18:02:07.413" endtime="20200906 18:02:07.466"></status>
</kw>
<status status="PASS" starttime="20200906 18:02:07.413" endtime="20200906 18:02:07.467"></status>
</kw>
<kw name="Input LastName" library="PrestaResource">
<arguments>
<arg>${last_name}</arg>
</arguments>
<kw name="Input Text" library="SeleniumLibrary">
<doc>Types the given ``text`` into the text field identified by ``locator``.</doc>
<arguments>
<arg>name:lastname</arg>
<arg>${last_name}</arg>
</arguments>
<msg timestamp="20200906 18:02:07.469" level="INFO">Typing text 'Doe' into text field 'name:lastname'.</msg>
<status status="PASS" starttime="20200906 18:02:07.468" endtime="20200906 18:02:07.495"></status>
</kw>
<status status="PASS" starttime="20200906 18:02:07.467" endtime="20200906 18:02:07.496"></status>
</kw>
<kw name="Input Email" library="PrestaResource">
<arguments>
<arg>${email}</arg>
</arguments>
<kw name="Input Text" library="SeleniumLibrary">
<doc>Types the given ``text`` into the text field identified by ``locator``.</doc>
<arguments>
<arg>name:email</arg>
<arg>${email}</arg>
</arguments>
<msg timestamp="20200906 18:02:07.497" level="INFO">Typing text 'john@expleogroup.com' into text field 'name:email'.</msg>
<status status="PASS" starttime="20200906 18:02:07.497" endtime="20200906 18:02:07.538"></status>
</kw>
<status status="PASS" starttime="20200906 18:02:07.497" endtime="20200906 18:02:07.538"></status>
</kw>
<kw name="Input User Password" library="PrestaResource">
<arguments>
<arg>${password}</arg>
</arguments>
<kw name="Input Password" library="SeleniumLibrary">
<doc>Types the given password into the text field identified by ``locator``.</doc>
<arguments>
<arg>name:password</arg>
<arg>${password}</arg>
</arguments>
<msg timestamp="20200906 18:02:07.539" level="INFO">Typing password into text field 'name:password'.</msg>
<msg timestamp="20200906 18:02:07.551" level="INFO">Temporally setting log level to: NONE</msg>
<msg timestamp="20200906 18:02:07.558" level="INFO">Log level changed from NONE to INFO.</msg>
<status status="PASS" starttime="20200906 18:02:07.539" endtime="20200906 18:02:07.559"></status>
</kw>
<status status="PASS" starttime="20200906 18:02:07.539" endtime="20200906 18:02:07.559"></status>
</kw>
<kw name="Input Birthdate" library="PrestaResource">
<arguments>
<arg>${birth_date}</arg>
</arguments>
<kw name="Input Text" library="SeleniumLibrary">
<doc>Types the given ``text`` into the text field identified by ``locator``.</doc>
<arguments>
<arg>name:birthday</arg>
<arg>${birthdate}</arg>
</arguments>
<msg timestamp="20200906 18:02:07.560" level="INFO">Typing text '2000-01-01 00:00:00' into text field 'name:birthday'.</msg>
<status status="PASS" starttime="20200906 18:02:07.560" endtime="20200906 18:02:07.593"></status>
</kw>
<status status="PASS" starttime="20200906 18:02:07.559" endtime="20200906 18:02:07.594"></status>
</kw>
<kw name="Create Account Failed">
<kw name="Click Button" library="SeleniumLibrary">
<doc>Clicks the button identified by ``locator``.</doc>
<arguments>
<arg>xpath://Button[normalize-space()='Save']</arg>
</arguments>
<msg timestamp="20200906 18:02:07.594" level="INFO">Clicking button 'xpath://Button[normalize-space()='Save']'.</msg>
<status status="PASS" starttime="20200906 18:02:07.594" endtime="20200906 18:02:07.828"></status>
</kw>
<kw name="Title Should Be" library="SeleniumLibrary">
<doc>Verifies that the current page title equals ``title``.</doc>
<arguments>
<arg>Login</arg>
</arguments>
<msg timestamp="20200906 18:02:07.837" level="INFO">Page title is 'Login'.</msg>
<status status="PASS" starttime="20200906 18:02:07.829" endtime="20200906 18:02:07.838"></status>
</kw>
<status status="PASS" starttime="20200906 18:02:07.594" endtime="20200906 18:02:07.839"></status>
</kw>
<status status="PASS" starttime="20200906 18:02:06.586" endtime="20200906 18:02:07.840"></status>
</kw>
<status status="PASS" starttime="20200906 18:02:06.584" endtime="20200906 18:02:07.841" critical="yes"></status>
</test>
<test id="s1-s1-s3-t5" name="CreateInvalidAccountWithExcel using">
<kw name="Create Account With Invalid Data">
<arguments>
<arg>John</arg>
<arg>Doe</arg>
<arg>john@expleogroup.com</arg>
<arg>Password1</arg>
</arguments>
<kw name="Navigate to Create Account" library="PrestaResource">
<kw name="Click Element" library="SeleniumLibrary">
<doc>Click the element identified by ``locator``.</doc>
<arguments>
<arg>id=_desktop_user_info</arg>
</arguments>
<msg timestamp="20200906 18:02:07.853" level="INFO">Clicking element 'id=_desktop_user_info'.</msg>
<status status="PASS" starttime="20200906 18:02:07.851" endtime="20200906 18:02:08.418"></status>
</kw>
<kw name="Click Element" library="SeleniumLibrary">
<doc>Click the element identified by ``locator``.</doc>
<arguments>
<arg>xpath://a[normalize-space()='No account? Create one here']</arg>
</arguments>
<msg timestamp="20200906 18:02:08.420" level="INFO">Clicking element 'xpath://a[normalize-space()='No account? Create one here']'.</msg>
<status status="PASS" starttime="20200906 18:02:08.419" endtime="20200906 18:02:08.812"></status>
</kw>
<kw name="Title Should Be" library="SeleniumLibrary">
<doc>Verifies that the current page title equals ``title``.</doc>
<arguments>
<arg>Login</arg>
</arguments>
<msg timestamp="20200906 18:02:08.815" level="INFO">Page title is 'Login'.</msg>
<status status="PASS" starttime="20200906 18:02:08.812" endtime="20200906 18:02:08.815"></status>
</kw>
<status status="PASS" starttime="20200906 18:02:07.850" endtime="20200906 18:02:08.815"></status>
</kw>
<kw name="Input FirstName" library="PrestaResource">
<arguments>
<arg>${first_name}</arg>
</arguments>
<kw name="Input Text" library="SeleniumLibrary">
<doc>Types the given ``text`` into the text field identified by ``locator``.</doc>
<arguments>
<arg>name:firstname</arg>
<arg>${first_name}</arg>
</arguments>
<msg timestamp="20200906 18:02:08.816" level="INFO">Typing text 'John' into text field 'name:firstname'.</msg>
<status status="PASS" starttime="20200906 18:02:08.816" endtime="20200906 18:02:08.866"></status>
</kw>
<status status="PASS" starttime="20200906 18:02:08.816" endtime="20200906 18:02:08.867"></status>
</kw>
<kw name="Input LastName" library="PrestaResource">
<arguments>
<arg>${last_name}</arg>
</arguments>
<kw name="Input Text" library="SeleniumLibrary">
<doc>Types the given ``text`` into the text field identified by ``locator``.</doc>
<arguments>
<arg>name:lastname</arg>
<arg>${last_name}</arg>
</arguments>
<msg timestamp="20200906 18:02:08.871" level="INFO">Typing text 'Doe' into text field 'name:lastname'.</msg>
<status status="PASS" starttime="20200906 18:02:08.869" endtime="20200906 18:02:08.896"></status>
</kw>
<status status="PASS" starttime="20200906 18:02:08.868" endtime="20200906 18:02:08.896"></status>
</kw>
<kw name="Input Email" library="PrestaResource">
<arguments>
<arg>${email}</arg>
</arguments>
<kw name="Input Text" library="SeleniumLibrary">
<doc>Types the given ``text`` into the text field identified by ``locator``.</doc>
<arguments>
<arg>name:email</arg>
<arg>${email}</arg>
</arguments>
<msg timestamp="20200906 18:02:08.897" level="INFO">Typing text 'john@expleogroup.com' into text field 'name:email'.</msg>
<status status="PASS" starttime="20200906 18:02:08.897" endtime="20200906 18:02:08.937"></status>
</kw>
<status status="PASS" starttime="20200906 18:02:08.896" endtime="20200906 18:02:08.937"></status>
</kw>
<kw name="Input User Password" library="PrestaResource">
<arguments>
<arg>${password}</arg>
</arguments>
<kw name="Input Password" library="SeleniumLibrary">
<doc>Types the given password into the text field identified by ``locator``.</doc>
<arguments>
<arg>name:password</arg>
<arg>${password}</arg>
</arguments>
<msg timestamp="20200906 18:02:08.938" level="INFO">Typing password into text field 'name:password'.</msg>
<msg timestamp="20200906 18:02:08.949" level="INFO">Temporally setting log level to: NONE</msg>
<msg timestamp="20200906 18:02:08.966" level="INFO">Log level changed from NONE to INFO.</msg>
<status status="PASS" starttime="20200906 18:02:08.938" endtime="20200906 18:02:08.967"></status>
</kw>
<status status="PASS" starttime="20200906 18:02:08.937" endtime="20200906 18:02:08.967"></status>
</kw>
<kw name="Input Birthdate" library="PrestaResource">
<arguments>
<arg>${birth_date}</arg>
</arguments>
<kw name="Input Text" library="SeleniumLibrary">
<doc>Types the given ``text`` into the text field identified by ``locator``.</doc>
<arguments>
<arg>name:birthday</arg>
<arg>${birthdate}</arg>
</arguments>
<msg timestamp="20200906 18:02:08.969" level="INFO">Typing text '' into text field 'name:birthday'.</msg>
<status status="PASS" starttime="20200906 18:02:08.968" endtime="20200906 18:02:08.982"></status>
</kw>
<status status="PASS" starttime="20200906 18:02:08.967" endtime="20200906 18:02:08.982"></status>
</kw>
<kw name="Create Account Failed">
<kw name="Click Button" library="SeleniumLibrary">
<doc>Clicks the button identified by ``locator``.</doc>
<arguments>
<arg>xpath://Button[normalize-space()='Save']</arg>
</arguments>
<msg timestamp="20200906 18:02:08.983" level="INFO">Clicking button 'xpath://Button[normalize-space()='Save']'.</msg>
<status status="PASS" starttime="20200906 18:02:08.983" endtime="20200906 18:02:09.319"></status>
</kw>
<kw name="Title Should Be" library="SeleniumLibrary">
<doc>Verifies that the current page title equals ``title``.</doc>
<arguments>
<arg>Login</arg>
</arguments>
<msg timestamp="20200906 18:02:09.333" level="INFO">Page title is 'Login'.</msg>
<status status="PASS" starttime="20200906 18:02:09.320" endtime="20200906 18:02:09.333"></status>
</kw>
<status status="PASS" starttime="20200906 18:02:08.983" endtime="20200906 18:02:09.334"></status>
</kw>
<status status="PASS" starttime="20200906 18:02:07.847" endtime="20200906 18:02:09.334"></status>
</kw>
<status status="PASS" starttime="20200906 18:02:07.845" endtime="20200906 18:02:09.334" critical="yes"></status>
</test>
<kw name="Close Browser" library="SeleniumLibrary" type="teardown">
<doc>Closes the current browser.</doc>
<status status="PASS" starttime="20200906 18:02:09.338" endtime="20200906 18:02:10.072"></status>
</kw>
<status status="PASS" starttime="20200906 18:01:53.966" endtime="20200906 18:02:10.072"></status>
</suite>
<suite id="s1-s1-s4" name="PrestaCreateValidAccount" source="C:\Users\BreslinS\eclipse-workspace\PrestaShop\PrestaTestSuite\PrestaCreateValidAccount.robot">
<kw name="Open Browser To Home Page" library="PrestaResource" type="setup">
<kw name="Open Browser" library="SeleniumLibrary">
<doc>Opens a new browser instance to the optional ``url``.</doc>
<arguments>
<arg>${PRESTA_URL}</arg>
<arg>${BROWSER}</arg>
</arguments>
<msg timestamp="20200906 18:02:10.084" level="INFO">Opening browser 'Firefox' to base url 'http://ec2-18-203-109-135.eu-west-1.compute.amazonaws.com/prestashop/'.</msg>
<msg timestamp="20200906 18:02:10.084" level="INFO">Firefox driver log is always forced to to: C:\Users\BreslinS\eclipse-workspace\PrestaShop\geckodriver-4.log</msg>
<status status="PASS" starttime="20200906 18:02:10.083" endtime="20200906 18:02:17.184"></status>
</kw>
<kw name="Maximize Browser Window" library="SeleniumLibrary">
<doc>Maximizes current browser window.</doc>
<status status="PASS" starttime="20200906 18:02:17.185" endtime="20200906 18:02:17.448"></status>
</kw>
<kw name="Title Should Be" library="SeleniumLibrary">
<doc>Verifies that the current page title equals ``title``.</doc>
<arguments>
<arg>Q-Catalogue</arg>
</arguments>
<msg timestamp="20200906 18:02:17.454" level="INFO">Page title is 'Q-Catalogue'.</msg>
<status status="PASS" starttime="20200906 18:02:17.448" endtime="20200906 18:02:17.454"></status>
</kw>
<status status="PASS" starttime="20200906 18:02:10.083" endtime="20200906 18:02:17.455"></status>
</kw>
<test id="s1-s1-s4-t1" name="Create Valid Account">
<kw name="Generate Random String" library="String">
<doc>Generates a string with a desired ``length`` from the given ``chars``.</doc>
<arguments>
<arg>8</arg>
<arg>[LETTERS]</arg>
</arguments>
<assign>
<var>${first_name}</var>
</assign>
<msg timestamp="20200906 18:02:17.458" level="INFO">${first_name} = poAexNai</msg>
<status status="PASS" starttime="20200906 18:02:17.457" endtime="20200906 18:02:17.458"></status>
</kw>
<kw name="Generate Random String" library="String">
<doc>Generates a string with a desired ``length`` from the given ``chars``.</doc>
<arguments>
<arg>8</arg>
<arg>[LETTERS]</arg>
</arguments>
<assign>
<var>${last_name}</var>
</assign>
<msg timestamp="20200906 18:02:17.459" level="INFO">${last_name} = ykynIIEj</msg>
<status status="PASS" starttime="20200906 18:02:17.458" endtime="20200906 18:02:17.459"></status>
</kw>
<kw name="Catenate" library="BuiltIn">
<doc>Catenates the given items together and returns the resulted string.</doc>
<arguments>
<arg>SEPARATOR=</arg>
<arg>${first_name}</arg>
<arg>${EMAIL_DOMAIN}</arg>
</arguments>
<assign>
<var>${email}</var>
</assign>
<msg timestamp="20200906 18:02:17.461" level="INFO">${email} = poAexNai@expleogroup.com</msg>
<status status="PASS" starttime="20200906 18:02:17.460" endtime="20200906 18:02:17.461"></status>
</kw>
<kw name="Navigate to Create Account" library="PrestaResource">
<kw name="Click Element" library="SeleniumLibrary">
<doc>Click the element identified by ``locator``.</doc>
<arguments>
<arg>id=_desktop_user_info</arg>
</arguments>
<msg timestamp="20200906 18:02:17.463" level="INFO">Clicking element 'id=_desktop_user_info'.</msg>
<status status="PASS" starttime="20200906 18:02:17.462" endtime="20200906 18:02:18.429"></status>
</kw>
<kw name="Click Element" library="SeleniumLibrary">
<doc>Click the element identified by ``locator``.</doc>
<arguments>
<arg>xpath://a[normalize-space()='No account? Create one here']</arg>
</arguments>
<msg timestamp="20200906 18:02:18.430" level="INFO">Clicking element 'xpath://a[normalize-space()='No account? Create one here']'.</msg>
<status status="PASS" starttime="20200906 18:02:18.430" endtime="20200906 18:02:18.827"></status>
</kw>
<kw name="Title Should Be" library="SeleniumLibrary">
<doc>Verifies that the current page title equals ``title``.</doc>
<arguments>
<arg>Login</arg>
</arguments>
<msg timestamp="20200906 18:02:18.839" level="INFO">Page title is 'Login'.</msg>
<status status="PASS" starttime="20200906 18:02:18.827" endtime="20200906 18:02:18.840"></status>
</kw>
<status status="PASS" starttime="20200906 18:02:17.461" endtime="20200906 18:02:18.840"></status>
</kw>
<kw name="Input FirstName" library="PrestaResource">
<arguments>
<arg>${first_name}</arg>
</arguments>
<kw name="Input Text" library="SeleniumLibrary">
<doc>Types the given ``text`` into the text field identified by ``locator``.</doc>
<arguments>
<arg>name:firstname</arg>
<arg>${first_name}</arg>
</arguments>
<msg timestamp="20200906 18:02:18.841" level="INFO">Typing text 'poAexNai' into text field 'name:firstname'.</msg>
<status status="PASS" starttime="20200906 18:02:18.841" endtime="20200906 18:02:18.892"></status>
</kw>
<status status="PASS" starttime="20200906 18:02:18.840" endtime="20200906 18:02:18.892"></status>
</kw>
<kw name="Input LastName" library="PrestaResource">
<arguments>
<arg>${last_name}</arg>
</arguments>
<kw name="Input Text" library="SeleniumLibrary">
<doc>Types the given ``text`` into the text field identified by ``locator``.</doc>
<arguments>
<arg>name:lastname</arg>
<arg>${last_name}</arg>
</arguments>
<msg timestamp="20200906 18:02:18.895" level="INFO">Typing text 'ykynIIEj' into text field 'name:lastname'.</msg>
<status status="PASS" starttime="20200906 18:02:18.894" endtime="20200906 18:02:18.933"></status>
</kw>
<status status="PASS" starttime="20200906 18:02:18.893" endtime="20200906 18:02:18.933"></status>
</kw>
<kw name="Input Email" library="PrestaResource">
<arguments>
<arg>${email}</arg>
</arguments>
<kw name="Input Text" library="SeleniumLibrary">
<doc>Types the given ``text`` into the text field identified by ``locator``.</doc>
<arguments>
<arg>name:email</arg>
<arg>${email}</arg>
</arguments>
<msg timestamp="20200906 18:02:18.934" level="INFO">Typing text 'poAexNai@expleogroup.com' into text field 'name:email'.</msg>
<status status="PASS" starttime="20200906 18:02:18.934" endtime="20200906 18:02:18.982"></status>
</kw>
<status status="PASS" starttime="20200906 18:02:18.933" endtime="20200906 18:02:18.982"></status>
</kw>
<kw name="Input User Password" library="PrestaResource">
<arguments>
<arg>${PASSWORD}</arg>
</arguments>
<kw name="Input Password" library="SeleniumLibrary">
<doc>Types the given password into the text field identified by ``locator``.</doc>
<arguments>
<arg>name:password</arg>
<arg>${password}</arg>
</arguments>
<msg timestamp="20200906 18:02:18.983" level="INFO">Typing password into text field 'name:password'.</msg>
<msg timestamp="20200906 18:02:18.996" level="INFO">Temporally setting log level to: NONE</msg>
<msg timestamp="20200906 18:02:19.014" level="INFO">Log level changed from NONE to INFO.</msg>
<status status="PASS" starttime="20200906 18:02:18.983" endtime="20200906 18:02:19.015"></status>
</kw>
<status status="PASS" starttime="20200906 18:02:18.983" endtime="20200906 18:02:19.015"></status>
</kw>
<kw name="Input Birthdate" library="PrestaResource">
<arguments>
<arg>${VALID_DOB}</arg>
</arguments>
<kw name="Input Text" library="SeleniumLibrary">
<doc>Types the given ``text`` into the text field identified by ``locator``.</doc>
<arguments>
<arg>name:birthday</arg>
<arg>${birthdate}</arg>
</arguments>
<msg timestamp="20200906 18:02:19.016" level="INFO">Typing text '2000-01-01' into text field 'name:birthday'.</msg>
<status status="PASS" starttime="20200906 18:02:19.016" endtime="20200906 18:02:19.046"></status>
</kw>
<status status="PASS" starttime="20200906 18:02:19.015" endtime="20200906 18:02:19.047"></status>
</kw>
<kw name="Save Details" library="PrestaResource">
<kw name="Click Button" library="SeleniumLibrary">
<doc>Clicks the button identified by ``locator``.</doc>
<arguments>
<arg>xpath://Button[normalize-space()='Save']</arg>
</arguments>
<msg timestamp="20200906 18:02:19.047" level="INFO">Clicking button 'xpath://Button[normalize-space()='Save']'.</msg>
<status status="PASS" starttime="20200906 18:02:19.047" endtime="20200906 18:02:21.132"></status>
</kw>
<kw name="Title Should Be" library="SeleniumLibrary">
<doc>Verifies that the current page title equals ``title``.</doc>
<arguments>
<arg>Q-Catalogue</arg>
</arguments>
<msg timestamp="20200906 18:02:21.135" level="INFO">Page title is 'Q-Catalogue'.</msg>
<status status="PASS" starttime="20200906 18:02:21.133" endtime="20200906 18:02:21.136"></status>
</kw>
<status status="PASS" starttime="20200906 18:02:19.047" endtime="20200906 18:02:21.136"></status>
</kw>
<status status="PASS" starttime="20200906 18:02:17.455" endtime="20200906 18:02:21.137" critical="yes"></status>
</test>
<test id="s1-s1-s4-t2" name="Valid Login">
<kw name="Navigate to Sign In Page" library="PrestaResource">
<kw name="Click Element" library="SeleniumLibrary">
<doc>Click the element identified by ``locator``.</doc>
<arguments>
<arg>id=_desktop_user_info</arg>
</arguments>
<msg timestamp="20200906 18:02:21.140" level="INFO">Clicking element 'id=_desktop_user_info'.</msg>
<status status="PASS" starttime="20200906 18:02:21.139" endtime="20200906 18:02:21.385"></status>
</kw>
<kw name="Title Should Be" library="SeleniumLibrary">
<doc>Verifies that the current page title equals ``title``.</doc>
<arguments>
<arg>Login</arg>
</arguments>
<kw name="Capture Page Screenshot" library="SeleniumLibrary">
<doc>Takes a screenshot of the current page and embeds it into a log file.</doc>
<msg timestamp="20200906 18:02:21.579" level="INFO" html="yes">&lt;/td&gt;&lt;/tr&gt;&lt;tr&gt;&lt;td colspan="3"&gt;&lt;a href="selenium-screenshot-1.png"&gt;&lt;img src="selenium-screenshot-1.png" width="800px"&gt;&lt;/a&gt;</msg>
<status status="PASS" starttime="20200906 18:02:21.390" endtime="20200906 18:02:21.579"></status>
</kw>
<msg timestamp="20200906 18:02:21.591" level="FAIL">Title should have been 'Login' but was 'Q-Catalogue'.</msg>
<status status="FAIL" starttime="20200906 18:02:21.386" endtime="20200906 18:02:21.591"></status>
</kw>
<status status="FAIL" starttime="20200906 18:02:21.139" endtime="20200906 18:02:21.592"></status>
</kw>
<status status="FAIL" starttime="20200906 18:02:21.138" endtime="20200906 18:02:21.592" critical="yes">Title should have been 'Login' but was 'Q-Catalogue'.</status>
</test>
<kw name="Close Browser" library="SeleniumLibrary" type="teardown">
<doc>Closes the current browser.</doc>
<status status="PASS" starttime="20200906 18:02:21.594" endtime="20200906 18:02:22.244"></status>
</kw>
<status status="FAIL" starttime="20200906 18:02:10.076" endtime="20200906 18:02:22.244"></status>
</suite>
<status status="FAIL" starttime="20200906 18:01:27.501" endtime="20200906 18:02:22.248"></status>
</suite>
<status status="FAIL" starttime="20200906 18:01:27.477" endtime="20200906 18:02:22.255"></status>
</suite>
<statistics>
<total>
<stat pass="12" fail="1">Critical Tests</stat>
<stat pass="12" fail="1">All Tests</stat>
</total>
<tag>
</tag>
<suite>
<stat pass="12" fail="1" id="s1" name="PrestaShop">PrestaShop</stat>
<stat pass="12" fail="1" id="s1-s1" name="PrestaTestSuite">PrestaShop.PrestaTestSuite</stat>
<stat pass="1" fail="0" id="s1-s1-s1" name="Gherkin Tests">PrestaShop.PrestaTestSuite.Gherkin Tests</stat>
<stat pass="5" fail="0" id="s1-s1-s2" name="PrestaCreateInvalidAccount">PrestaShop.PrestaTestSuite.PrestaCreateInvalidAccount</stat>
<stat pass="5" fail="0" id="s1-s1-s3" name="PrestaCreateInvalidAccount DDT">PrestaShop.PrestaTestSuite.PrestaCreateInvalidAccount DDT</stat>
<stat pass="1" fail="1" id="s1-s1-s4" name="PrestaCreateValidAccount">PrestaShop.PrestaTestSuite.PrestaCreateValidAccount</stat>
</suite>
</statistics>
<errors>
<msg timestamp="20200906 18:02:04.096" level="WARN">Multiple test cases with name 'CreateInvalidAccountWithExcel using' executed in test suite 'PrestaShop.PrestaTestSuite.PrestaCreateInvalidAccount DDT'.</msg>
<msg timestamp="20200906 18:02:05.348" level="WARN">Multiple test cases with name 'CreateInvalidAccountWithExcel using' executed in test suite 'PrestaShop.PrestaTestSuite.PrestaCreateInvalidAccount DDT'.</msg>
<msg timestamp="20200906 18:02:06.584" level="WARN">Multiple test cases with name 'CreateInvalidAccountWithExcel using' executed in test suite 'PrestaShop.PrestaTestSuite.PrestaCreateInvalidAccount DDT'.</msg>
<msg timestamp="20200906 18:02:07.844" level="WARN">Multiple test cases with name 'CreateInvalidAccountWithExcel using' executed in test suite 'PrestaShop.PrestaTestSuite.PrestaCreateInvalidAccount DDT'.</msg>
</errors>
</robot>
